<?xml version="1.0" encoding="UTF-8"?>
<!-- Generated by org.testng.reporters.JUnitReportReporter -->
<testsuite hostname="VAS" name="com.lt.icore.sampletest.USerTest" tests="1" failures="0" timestamp="21 Feb 2019 20:31:22 GMT" time="0.052" errors="0">
  <testcase name="createusertest" time="0.052" classname="com.lt.icore.sampletest.USerTest"/>
</testsuite> <!-- com.lt.icore.sampletest.USerTest -->
