<?xml version="1.0" encoding="UTF-8"?>
<!-- Generated by org.testng.reporters.JUnitReportReporter -->
<testsuite skipped="0" hostname="VAS" name="com.testng.swifttest.SWiftTest" tests="1" failures="0" timestamp="19 Feb 2019 04:27:24 GMT" time="0.034" errors="0">
  <testcase name="createSwiftTest" time="0.034" classname="com.testng.swifttest.SWiftTest"/>
</testsuite> <!-- com.testng.swifttest.SWiftTest -->
